<?xml version="1.0" encoding="UTF-8"?>
<!-- Generated by org.testng.reporters.JUnitReportReporter -->
<testsuite hostname="Jagadeesh" failures="0" tests="1" name="scripts.ValidLogin" time="13.733" errors="0" timestamp="2022-12-22T07:51:02 IST" skipped="0">
  <testcase classname="scripts.ValidLogin" name="testValidLogin" time="13.733"/>
  <system-out/>
</testsuite> <!-- scripts.ValidLogin -->
