<?xml version="1.0" encoding="UTF-8"?>
<!-- Generated by org.testng.reporters.JUnitReportReporter -->
<testsuite hostname="Jagadeesh" failures="0" tests="1" name="scripts.Script1" time="10.167" errors="0" timestamp="2022-12-20T08:01:57 IST" skipped="0">
  <testcase classname="scripts.Script1" name="createCustomer" time="10.167"/>
  <system-out/>
</testsuite> <!-- scripts.Script1 -->
